<?xml version="1.0" encoding="UTF-8"?>
<!-- Generated by org.testng.reporters.JUnitReportReporter -->
<testsuite hostname="DESKTOP-OQSMDJO" failures="0" tests="1" name="Testcases.Loginpage" time="74.016" errors="0" timestamp="2021-12-21T02:43:54 PST" skipped="0">
  <testcase classname="Testcases.Loginpage" name="Login" time="74.016"/>
  <system-out/>
</testsuite> <!-- Testcases.Loginpage -->
